-------------------------------------------------------------------------------
Test set: TestRunner
-------------------------------------------------------------------------------
Tests run: 1, Failures: 1, Errors: 0, Skipped: 0, Time elapsed: 1.165 s <<< FAILURE! - in TestRunner
TestRunner.runScenario["Create a new account", "Optional[Registration]"](1)  Time elapsed: 0.196 s  <<< FAILURE!
java.lang.NullPointerException: Cannot invoke "org.openqa.selenium.WebDriver.manage()" because "base.Config.driver" is null

