<?xml version="1.0" encoding="UTF-8"?>
<testng-results ignored="0" total="1" passed="0" failed="1" skipped="0">
  <reporter-output>
  </reporter-output>
  <suite started-at="2022-11-09T10:47:05 EST" name="Surefire suite" finished-at="2022-11-09T10:47:06 EST" duration-ms="759">
    <groups>
      <group name="cucumber">
        <method signature="AbstractTestNGCucumberTests.runScenario(io.cucumber.testng.PickleWrapper, io.cucumber.testng.FeatureWrapper)[pri:0, instance:TestRunner@1445d7f]" name="runScenario" class="io.cucumber.testng.AbstractTestNGCucumberTests"/>
      </group> <!-- cucumber -->
    </groups>
    <test started-at="2022-11-09T10:47:05 EST" name="Surefire test" finished-at="2022-11-09T10:47:06 EST" duration-ms="759">
      <class name="TestRunner">
        <test-method is-config="true" signature="setUpClass()[pri:0, instance:TestRunner@1445d7f]" started-at="2022-11-09T10:47:05 EST" name="setUpClass" finished-at="2022-11-09T10:47:06 EST" duration-ms="461" status="PASS">
          <reporter-output>
          </reporter-output>
        </test-method> <!-- setUpClass -->
        <test-method signature="runScenario(io.cucumber.testng.PickleWrapper, io.cucumber.testng.FeatureWrapper)[pri:0, instance:TestRunner@1445d7f]" started-at="2022-11-09T10:47:06 EST" name="runScenario" description="Runs Cucumber Scenarios" data-provider="scenarios" finished-at="2022-11-09T10:47:06 EST" duration-ms="193" status="FAIL">
          <params>
            <param index="0">
              <value>
                <![CDATA["Create a new account"]]>
              </value>
            </param>
            <param index="1">
              <value>
                <![CDATA["Optional[Registration]"]]>
              </value>
            </param>
          </params>
          <exception class="java.lang.NullPointerException">
            <message>
              <![CDATA[Cannot invoke "org.openqa.selenium.WebDriver.manage()" because "base.Config.driver" is null]]>
            </message>
            <full-stacktrace>
              <![CDATA[java.lang.NullPointerException: Cannot invoke "org.openqa.selenium.WebDriver.manage()" because "base.Config.driver" is null
at base.Config.setupBrowser(Config.java:39)
at stepDef.Hook.startTest(Hook.java:24)
]]>
            </full-stacktrace>
          </exception> <!-- java.lang.NullPointerException -->
          <reporter-output>
          </reporter-output>
        </test-method> <!-- runScenario -->
        <test-method is-config="true" signature="tearDownClass()[pri:0, instance:TestRunner@1445d7f]" started-at="2022-11-09T10:47:06 EST" name="tearDownClass" finished-at="2022-11-09T10:47:06 EST" duration-ms="72" status="PASS">
          <reporter-output>
          </reporter-output>
        </test-method> <!-- tearDownClass -->
      </class> <!-- TestRunner -->
    </test> <!-- Surefire test -->
  </suite> <!-- Surefire suite -->
</testng-results>
